Using pre-set license
Built from '2020.3/staging' branch; Version is '2020.3.9f1 (108be757e447) revision 1084391'; Using compiler version '192528614'; Build Type 'Release'
OS: 'Windows 10 Pro; OS build 19042.1165; Version 2009; 64bit' Language: 'en' Physical Memory: 32706 MB
BatchMode: 1, IsHumanControllingUs: 0, StartBugReporterOnCrash: 0, Is64bit: 1, IsPro: 0

 COMMAND LINE ARGUMENTS:
D:\Program Files\Unity\2020.3.9f1\Editor\Unity.exe
-adb2
-batchMode
-noUpm
-name
AssetImportWorker0
-projectPath
D:/Personal/Work/Games/Unity/Scripting01/Scripting01_2
-logFile
Logs/AssetImportWorker0.log
-srvPort
59203
Successfully changed project path to: D:/Personal/Work/Games/Unity/Scripting01/Scripting01_2
D:/Personal/Work/Games/Unity/Scripting01/Scripting01_2
Using Asset Import Pipeline V2.
Refreshing native plugins compatible for Editor in 20.06 ms, found 0 plugins.
Preloading 0 native plugins for Editor in 0.00 ms.
Initialize engine version: 2020.3.9f1 (108be757e447)
[Subsystems] Discovering subsystems at path D:/Program Files/Unity/2020.3.9f1/Editor/Data/Resources/UnitySubsystems
[Subsystems] Discovering subsystems at path D:/Personal/Work/Games/Unity/Scripting01/Scripting01_2/Assets
GfxDevice: creating device client; threaded=0
Direct3D:
    Version:  Direct3D 11.0 [level 11.1]
    Renderer: NVIDIA GeForce GTX 970 (ID=0x13c2)
    Vendor:   
    VRAM:     4043 MB
    Driver:   27.21.14.6192
Initialize mono
Mono path[0] = 'D:/Program Files/Unity/2020.3.9f1/Editor/Data/Managed'
Mono path[1] = 'D:/Program Files/Unity/2020.3.9f1/Editor/Data/MonoBleedingEdge/lib/mono/unityjit'
Mono config path = 'D:/Program Files/Unity/2020.3.9f1/Editor/Data/MonoBleedingEdge/etc'
Using monoOptions --debugger-agent=transport=dt_socket,embedding=1,server=y,suspend=n,address=127.0.0.1:56552
Begin MonoManager ReloadAssembly
Registering precompiled unity dll's ...
Register platform support module: D:/Program Files/Unity/2020.3.9f1/Editor/Data/PlaybackEngines/WindowsStandaloneSupport/UnityEditor.WindowsStandalone.Extensions.dll
Registered in 0.001148 seconds.
Native extension for WindowsStandalone target not found
Refreshing native plugins compatible for Editor in 20.12 ms, found 0 plugins.
Preloading 0 native plugins for Editor in 0.00 ms.
Mono: successfully reloaded assembly
- Completed reload, in  1.027 seconds
Platform modules already initialized, skipping
Registering precompiled user dll's ...
Registered in 0.000562 seconds.
Begin MonoManager ReloadAssembly
Native extension for WindowsStandalone target not found
Refreshing native plugins compatible for Editor in 0.18 ms, found 0 plugins.
Preloading 0 native plugins for Editor in 0.00 ms.
Mono: successfully reloaded assembly
- Completed reload, in  0.728 seconds
Platform modules already initialized, skipping
========================================================================
Worker process is ready to serve import requests
Launched and connected shader compiler UnityShaderCompiler.exe after 0.04 seconds
Refreshing native plugins compatible for Editor in 0.17 ms, found 0 plugins.
Preloading 0 native plugins for Editor in 0.00 ms.
Unloading 1121 Unused Serialized files (Serialized files now loaded: 0)
System memory in use before: 57.2 MB.
System memory in use after: 57.2 MB.

Unloading 9 unused Assets to reduce memory usage. Loaded Objects now: 1564.
Total: 1.315700 ms (FindLiveObjects: 0.104800 ms CreateObjectMapping: 0.027900 ms MarkObjects: 1.135400 ms  DeleteObjects: 0.046900 ms)

========================================================================
Received Import Request.
  path: Assets/Example6 - Input/Scenes/input.unity
  artifactKey: Guid(a0fd7930d90d0bd4094c516ba0ce9f43) Importer(815301076,1909f56bfc062723c751e8b465ee728b)
Start importing Assets/Example6 - Input/Scenes/input.unity using Guid(a0fd7930d90d0bd4094c516ba0ce9f43) Importer(815301076,1909f56bfc062723c751e8b465ee728b)  -> (artifact id: '52bd3fab7450a51224620803b819567d') in 0.013678 seconds
  Import took 0.015189 seconds .

========================================================================
Received Import Request.
  Time since last request: 13.528229 seconds.
  path: Assets/Example1 - Variables/Scripts/ExampleScript.cs
  artifactKey: Guid(a45f5c38746808642810631f263eea8c) Importer(815301076,1909f56bfc062723c751e8b465ee728b)
Start importing Assets/Example1 - Variables/Scripts/ExampleScript.cs using Guid(a45f5c38746808642810631f263eea8c) Importer(815301076,1909f56bfc062723c751e8b465ee728b)  -> (artifact id: '67eae90c8006091fefbd93e199eb8a79') in 0.041403 seconds
  Import took 0.043137 seconds .

========================================================================
Received Import Request.
  Time since last request: 95.722869 seconds.
  path: Assets/Example1 - Variables/Scripts/ExampleScript.cs
  artifactKey: Guid(a45f5c38746808642810631f263eea8c) Importer(815301076,1909f56bfc062723c751e8b465ee728b)
Start importing Assets/Example1 - Variables/Scripts/ExampleScript.cs using Guid(a45f5c38746808642810631f263eea8c) Importer(815301076,1909f56bfc062723c751e8b465ee728b)  -> (artifact id: 'a842efad940fc7d7f8493a53bc1533b0') in 0.004267 seconds
  Import took 0.047149 seconds .

========================================================================
Received Import Request.
  Time since last request: 367.955181 seconds.
  path: Assets/Example1 - Variables/Scripts/ExampleScript.cs
  artifactKey: Guid(a45f5c38746808642810631f263eea8c) Importer(815301076,1909f56bfc062723c751e8b465ee728b)
Start importing Assets/Example1 - Variables/Scripts/ExampleScript.cs using Guid(a45f5c38746808642810631f263eea8c) Importer(815301076,1909f56bfc062723c751e8b465ee728b)  -> (artifact id: '5edc13be92e44d474009b2e8a53fcede') in 0.002703 seconds
  Import took 0.004460 seconds .

========================================================================
Received Import Request.
  Time since last request: 5634.570208 seconds.
  path: Assets/Example1 - Variables/Scripts/ExampleScript.cs
  artifactKey: Guid(a45f5c38746808642810631f263eea8c) Importer(815301076,1909f56bfc062723c751e8b465ee728b)
Start importing Assets/Example1 - Variables/Scripts/ExampleScript.cs using Guid(a45f5c38746808642810631f263eea8c) Importer(815301076,1909f56bfc062723c751e8b465ee728b)  -> (artifact id: 'b9faa002773c4750617692679701a360') in 0.006022 seconds
  Import took 0.008317 seconds .

========================================================================
Received Prepare
Registering precompiled user dll's ...
Registered in 0.000560 seconds.
Begin MonoManager ReloadAssembly
Native extension for WindowsStandalone target not found
Refreshing native plugins compatible for Editor in 0.17 ms, found 0 plugins.
Preloading 0 native plugins for Editor in 0.00 ms.
Mono: successfully reloaded assembly
- Completed reload, in  0.704 seconds
Platform modules already initialized, skipping
Refreshing native plugins compatible for Editor in 0.22 ms, found 0 plugins.
Preloading 0 native plugins for Editor in 0.00 ms.
Unloading 1117 Unused Serialized files (Serialized files now loaded: 0)
System memory in use before: 57.2 MB.
System memory in use after: 57.2 MB.

Unloading 4 unused Assets to reduce memory usage. Loaded Objects now: 1568.
Total: 1.314300 ms (FindLiveObjects: 0.101300 ms CreateObjectMapping: 0.027000 ms MarkObjects: 1.173600 ms  DeleteObjects: 0.011600 ms)

AssetImportWorkerClient::OnTransportError - code=2 error=End of file
